{
  "RSpec": {
    "coverage": {
      "/mnt/i/project/voicegen-rails-api/app/helpers/dashboard_helper.rb": {
        "lines": [
          1,
          1,
          0,
          0,
          0,
          0,
          0,
          null,
          null,
          null
        ],
        "branches": {
          "[:case, 0, 3, 4, 8, 7]": {
            "[:when, 1, 4, 26, 4, 55]": 0,
            "[:when, 2, 5, 38, 5, 69]": 0,
            "[:when, 3, 6, 23, 6, 48]": 0,
            "[:else, 4, 7, 9, 7, 36]": 0
          }
        }
      },
      "/mnt/i/project/voicegen-rails-api/app/jobs/generate_voice_job.rb": {
        "lines": [
          1,
          1,
          null,
          1,
          1,
          1,
          null,
          1,
          null,
          null,
          null,
          null,
          1,
          0,
          0,
          null,
          null,
          1,
          null,
          1,
          null,
          null,
          null,
          null,
          null,
          1,
          null,
          null,
          null,
          0,
          null,
          null
        ],
        "branches": {
          "[:\"&.\", 0, 30, 4, 30, 66]": {
            "[:then, 1, 30, 4, 30, 66]": 0,
            "[:else, 2, 30, 4, 30, 66]": 0
          },
          "[:if, 3, 13, 4, 16, 7]": {
            "[:then, 4, 14, 6, 15, 12]": 0,
            "[:else, 5, 13, 4, 16, 7]": 1
          }
        }
      },
      "/mnt/i/project/voicegen-rails-api/app/jobs/application_job.rb": {
        "lines": [
          1,
          null,
          null,
          null,
          null,
          null,
          null
        ],
        "branches": {}
      },
      "/mnt/i/project/voicegen-rails-api/app/models/voice_generation.rb": {
        "lines": [
          1,
          1,
          1,
          null,
          1,
          null,
          1,
          1,
          null,
          1,
          null,
          null,
          null,
          null,
          null,
          null,
          1,
          2,
          null,
          1,
          11,
          null,
          null,
          1,
          18,
          null,
          null,
          1,
          5,
          null,
          null,
          1,
          1,
          null,
          null
        ],
        "branches": {
          "[:\"&.\", 0, 21, 4, 21, 22]": {
            "[:then, 1, 21, 4, 21, 22]": 10,
            "[:else, 2, 21, 4, 21, 22]": 1
          }
        }
      },
      "/mnt/i/project/voicegen-rails-api/app/models/application_record.rb": {
        "lines": [
          1,
          1,
          null
        ],
        "branches": {}
      },
      "/mnt/i/project/voicegen-rails-api/app/services/eleven_labs/text_to_speech.rb": {
        "lines": [
          1,
          null,
          1,
          1,
          1,
          1,
          null,
          1,
          null,
          0,
          null,
          null,
          1,
          0,
          null,
          null,
          1,
          0,
          0,
          0,
          null,
          null,
          1,
          0,
          null,
          0,
          0,
          null,
          null,
          1,
          null,
          1,
          0,
          null,
          null,
          1,
          0,
          null,
          null,
          1,
          0,
          null,
          null,
          1,
          0,
          0,
          null,
          null,
          null
        ],
        "branches": {}
      },
      "/mnt/i/project/voicegen-rails-api/app/controllers/api/voice_generations_controller.rb": {
        "lines": [
          1,
          1,
          1,
          null,
          1,
          1,
          1,
          null,
          1,
          null,
          null,
          null,
          null,
          null,
          null,
          1,
          0,
          0,
          null,
          null,
          null,
          0,
          null,
          null,
          null,
          null,
          1,
          0,
          null,
          null,
          0,
          null,
          null,
          null,
          null,
          1,
          null,
          1,
          1,
          null,
          null,
          1,
          0,
          null,
          null,
          1,
          1,
          null,
          null
        ],
        "branches": {
          "[:if, 0, 17, 4, 24, 7]": {
            "[:then, 1, 18, 6, 20, 7]": 0,
            "[:else, 2, 22, 6, 23, 24]": 0
          },
          "[:if, 3, 31, 17, 31, 114]": {
            "[:then, 4, 31, 51, 31, 108]": 0,
            "[:else, 5, 31, 111, 31, 114]": 0
          },
          "[:unless, 6, 47, 4, 47, 118]": {
            "[:else, 7, 47, 4, 47, 118]": 1,
            "[:then, 8, 47, 4, 47, 22]": 0
          }
        }
      },
      "/mnt/i/project/voicegen-rails-api/app/controllers/application_controller.rb": {
        "lines": [
          1,
          null
        ],
        "branches": {}
      },
      "/mnt/i/project/voicegen-rails-api/app/controllers/dashboard_controller.rb": {
        "lines": [
          0,
          0,
          0,
          0,
          null,
          0,
          0,
          0,
          0
        ],
        "branches": {}
      },
      "/mnt/i/project/voicegen-rails-api/app/controllers/voice_generations_controller.rb": {
        "lines": [
          0,
          0,
          0,
          0,
          null,
          0,
          0,
          0,
          0,
          0,
          0,
          0,
          0,
          0,
          0,
          0,
          0,
          null,
          0,
          null,
          0,
          0,
          0,
          0
        ],
        "branches": {}
      },
      "/mnt/i/project/voicegen-rails-api/app/mailers/application_mailer.rb": {
        "lines": [
          0,
          0,
          0,
          0
        ],
        "branches": {}
      }
    },
    "timestamp": 1768253727
  }
}
