{
  "RSpec": {
    "coverage": {
      "/mnt/i/project/voicegen-rails-api/app/jobs/generate_voice_job.rb": {
        "lines": [
          null,
          1,
          1,
          null,
          1,
          2,
          2,
          null,
          2,
          null,
          null,
          null,
          null,
          1,
          null,
          1,
          null,
          null,
          null,
          null,
          null,
          1,
          1,
          null,
          null,
          1,
          1,
          1,
          1,
          null,
          null
        ],
        "branches": {
          "[:\"&.\", 0, 26, 4, 26, 22]": {
            "[:then, 1, 26, 4, 26, 22]": 1,
            "[:else, 2, 26, 4, 26, 22]": 0
          },
          "[:\"&.\", 3, 27, 4, 27, 48]": {
            "[:then, 4, 27, 4, 27, 48]": 1,
            "[:else, 5, 27, 4, 27, 48]": 0
          }
        }
      },
      "/mnt/i/project/voicegen-rails-api/app/jobs/application_job.rb": {
        "lines": [
          1,
          null,
          null,
          null,
          null,
          null,
          null
        ],
        "branches": {}
      },
      "/mnt/i/project/voicegen-rails-api/app/models/voice_generation.rb": {
        "lines": [
          1,
          1,
          1,
          null,
          1,
          null,
          1,
          null,
          1,
          null,
          null,
          null,
          null,
          null,
          null,
          null,
          3,
          2,
          null,
          1,
          87,
          null,
          null,
          1,
          91,
          null,
          null,
          1,
          1,
          null,
          null,
          1,
          9,
          5,
          1,
          1,
          1,
          null,
          null,
          null
        ],
        "branches": {
          "[:\"&.\", 0, 21, 4, 21, 22]": {
            "[:then, 1, 21, 4, 21, 22]": 86,
            "[:else, 2, 21, 4, 21, 22]": 1
          },
          "[:case, 3, 33, 4, 38, 7]": {
            "[:when, 4, 34, 24, 34, 37]": 5,
            "[:when, 5, 35, 27, 35, 47]": 1,
            "[:when, 6, 36, 26, 36, 41]": 1,
            "[:when, 7, 37, 23, 37, 35]": 1,
            "[:else, 8, 33, 4, 38, 7]": 1
          }
        }
      },
      "/mnt/i/project/voicegen-rails-api/app/models/application_record.rb": {
        "lines": [
          1,
          1,
          null
        ],
        "branches": {}
      },
      "/mnt/i/project/voicegen-rails-api/app/services/eleven_labs/client.rb": {
        "lines": [
          null,
          1,
          1,
          1,
          4,
          1,
          1,
          1,
          1,
          null,
          null,
          null,
          null
        ],
        "branches": {}
      },
      "/mnt/i/project/voicegen-rails-api/app/services/eleven_labs/text_to_speech.rb": {
        "lines": [
          null,
          1,
          1,
          1,
          null,
          1,
          4,
          null,
          null,
          1,
          4,
          4,
          4,
          null,
          null,
          1,
          4,
          1,
          1,
          1,
          null,
          1,
          null,
          null,
          null,
          null,
          null,
          null,
          null,
          null,
          null,
          1,
          null,
          1,
          null,
          1,
          null,
          1,
          null,
          null,
          null
        ],
        "branches": {}
      },
      "/mnt/i/project/voicegen-rails-api/app/controllers/api/voice_generations_controller.rb": {
        "lines": [
          1,
          1,
          1,
          null,
          1,
          1,
          1,
          null,
          1,
          null,
          null,
          null,
          null,
          null,
          null,
          1,
          2,
          1,
          null,
          null,
          null,
          1,
          null,
          null,
          null,
          null,
          1,
          2,
          null,
          null,
          2,
          null,
          null,
          null,
          null,
          1,
          null,
          1,
          1,
          null,
          null,
          1,
          4,
          null,
          null,
          1,
          2,
          null,
          null
        ],
        "branches": {
          "[:if, 0, 17, 4, 24, 7]": {
            "[:then, 1, 18, 6, 20, 7]": 1,
            "[:else, 2, 22, 6, 23, 24]": 1
          },
          "[:if, 3, 31, 17, 31, 114]": {
            "[:then, 4, 31, 51, 31, 108]": 1,
            "[:else, 5, 31, 111, 31, 114]": 1
          },
          "[:unless, 6, 47, 4, 47, 118]": {
            "[:else, 7, 47, 4, 47, 118]": 1,
            "[:then, 8, 47, 4, 47, 22]": 1
          }
        }
      },
      "/mnt/i/project/voicegen-rails-api/app/controllers/application_controller.rb": {
        "lines": [
          1,
          1,
          null
        ],
        "branches": {}
      },
      "/mnt/i/project/voicegen-rails-api/app/controllers/dashboard_controller.rb": {
        "lines": [
          1,
          1,
          3,
          null,
          null,
          1,
          1,
          null,
          null
        ],
        "branches": {}
      },
      "/mnt/i/project/voicegen-rails-api/app/controllers/voice_generations_controller.rb": {
        "lines": [
          null,
          1,
          1,
          0,
          null,
          null,
          1,
          2,
          null,
          2,
          1,
          1,
          null,
          1,
          null,
          null,
          null,
          1,
          null,
          1,
          2,
          null,
          null
        ],
        "branches": {
          "[:if, 0, 10, 4, 15, 7]": {
            "[:then, 1, 11, 6, 12, 27]": 1,
            "[:else, 2, 14, 6, 14, 61]": 1
          }
        }
      }
    },
    "timestamp": 1768334572
  }
}
